number,value,datetime_start,datetime_complete,duration,params_batch,params_dropout,params_emb_c,params_emb_m,params_hidden,params_layers,params_lr,params_weight_decay,params_window,user_attrs_best_epoch,system_attrs_fixed_params,system_attrs_tpe:relative_params:0,state
59,25.78587429607338,2026-10-03 09:05:34.984073,2026-10-03 09:06:51.946992,0 days 00:01:16.962919,512,0.0013863598358501493,16,8,128,2,0.0026211820037290567,4.2510107524864146e-05,16,5.0,,"{""batch"": 512, ""dropout"": 0.0013863598358501493, ""emb_c"": 16, ""emb_m"": 8, ""hidden"": 128, ""layers"": 2, ""lr"": 0.0026211820037290567, ""weight_decay"": 4.2510107524864146e-05, ""window"": 16}",COMPLETE
60,26.802147753916543,2026-10-03 09:06:51.949768,2026-10-03 09:07:34.766869,0 days 00:00:42.817101,512,0.0747645224572503,16,8,128,2,0.0024952939642587605,1.8689249719721898e-05,16,,,"{""batch"": 512, ""dropout"": 0.0747645224572503, ""emb_c"": 16, ""emb_m"": 8, ""hidden"": 128, ""layers"": 2, ""lr"": 0.0024952939642587605, ""weight_decay"": 1.8689249719721898e-05, ""window"": 16}",PRUNED
61,26.308700561286486,2026-10-03 09:07:34.768548,2026-10-03 09:08:43.200057,0 days 00:01:08.431509,512,0.05247317424456939,16,8,128,2,0.002067312719042625,2.863323343171757e-05,16,4.0,,"{""batch"": 512, ""dropout"": 0.05247317424456939, ""emb_c"": 16, ""emb_m"": 8, ""hidden"": 128, ""layers"": 2, ""lr"": 0.002067312719042625, ""weight_decay"": 2.863323343171757e-05, ""window"": 16}",COMPLETE
62,26.249525036700106,2026-10-03 09:08:43.201644,2026-10-03 09:09:29.759464,0 days 00:00:46.557820,512,0.02459609524596273,16,8,128,2,0.002320426719801541,0.00027704651445183874,8,4.0,,"{""batch"": 512, ""dropout"": 0.02459609524596273, ""emb_c"": 16, ""emb_m"": 8, ""hidden"": 128, ""layers"": 2, ""lr"": 0.002320426719801541, ""weight_decay"": 0.00027704651445183874, ""window"": 8}",COMPLETE
63,26.839567948206682,2026-10-03 09:09:29.761034,2026-10-03 09:09:58.057857,0 days 00:00:28.296823,512,0.059245695038626915,16,8,128,2,0.0022892099428625263,0.0003059744494278871,12,,,"{""batch"": 512, ""dropout"": 0.059245695038626915, ""emb_c"": 16, ""emb_m"": 8, ""hidden"": 128, ""layers"": 2, ""lr"": 0.0022892099428625263, ""weight_decay"": 0.0003059744494278871, ""window"": 12}",PRUNED
64,26.16986724619125,2026-10-03 09:09:58.059432,2026-10-03 09:11:06.303862,0 days 00:01:08.244430,512,0.03306222576157469,16,8,128,2,0.001605707113165612,3.648094061205918e-05,16,4.0,,"{""batch"": 512, ""dropout"": 0.03306222576157469, ""emb_c"": 16, ""emb_m"": 8, ""hidden"": 128, ""layers"": 2, ""lr"": 0.001605707113165612, ""weight_decay"": 3.648094061205918e-05, ""window"": 16}",COMPLETE
65,26.83819179528623,2026-10-03 09:11:06.305177,2026-10-03 09:11:34.754417,0 days 00:00:28.449240,512,0.034150576454595,16,8,128,2,0.0012508641290287727,0.0008326360838876822,12,,,"{""batch"": 512, ""dropout"": 0.034150576454595, ""emb_c"": 16, ""emb_m"": 8, ""hidden"": 128, ""layers"": 2, ""lr"": 0.0012508641290287727, ""weight_decay"": 0.0008326360838876822, ""window"": 12}",PRUNED
66,26.086590007862696,2026-10-03 09:11:34.755534,2026-10-03 09:12:43.470660,0 days 00:01:08.715126,512,0.04520800397053668,16,8,128,2,0.0029575803983403,1.7064752656633136e-05,16,4.0,,"{""batch"": 512, ""dropout"": 0.04520800397053668, ""emb_c"": 16, ""emb_m"": 8, ""hidden"": 128, ""layers"": 2, ""lr"": 0.0029575803983403, ""weight_decay"": 1.7064752656633136e-05, ""window"": 16}",COMPLETE
67,26.640647022406082,2026-10-03 09:12:43.471944,2026-10-03 09:13:12.036400,0 days 00:00:28.564456,512,0.004372064930164298,16,8,128,2,0.0012821045056278775,0.00018237345214751149,12,,,"{""batch"": 512, ""dropout"": 0.004372064930164298, ""emb_c"": 16, ""emb_m"": 8, ""hidden"": 128, ""layers"": 2, ""lr"": 0.0012821045056278775, ""weight_decay"": 0.00018237345214751149, ""window"": 12}",PRUNED
