number,value,datetime_start,datetime_complete,duration,params_batch,params_dropout,params_emb_c,params_emb_m,params_hidden,params_layers,params_lr,params_weight_decay,params_window,user_attrs_best_epoch,system_attrs_fixed_params,system_attrs_tpe:relative_params:0,state
0,26.528376601575683,2026-10-03 08:32:45.653609,2026-10-03 08:33:20.308125,0 days 00:00:34.654516,1024,0.2,8,8,64,1,0.001,1e-06,8,15.0,"{'window': 8, 'hidden': 64, 'layers': 1, 'emb_c': 8, 'emb_m': 8, 'dropout': 0.2, 'lr': 0.001, 'weight_decay': 1e-06, 'batch': 1024}",,COMPLETE
1,26.177626463007307,2026-10-03 08:33:20.309547,2026-10-03 08:34:02.200875,0 days 00:00:41.891328,1024,0.08493564427131046,4,8,32,1,0.00045598044903929434,3.549878832196506e-06,12,28.0,,,COMPLETE
2,26.060205619660497,2026-10-03 08:34:02.202235,2026-10-03 08:35:06.077125,0 days 00:01:03.874890,512,0.02602063719411181,16,8,128,2,0.0026669003721056773,0.0007886714129990489,12,5.0,,,COMPLETE
3,26.831432316266767,2026-10-03 08:35:06.079644,2026-10-03 08:35:46.920381,0 days 00:00:40.840737,1024,0.31005312934444584,4,16,128,1,0.0026098779385539945,0.00048359527764659497,8,11.0,,,COMPLETE
4,26.37291533220456,2026-10-03 08:35:46.921523,2026-10-03 08:36:53.501503,0 days 00:01:06.579980,512,0.308897907718663,8,16,128,1,0.00047406395592311664,1.0388823104027941e-06,16,12.0,,,COMPLETE
5,29.37720967567796,2026-10-03 08:36:53.504619,2026-10-03 08:36:56.500319,0 days 00:00:02.995700,2048,0.18888597006477972,16,16,64,1,0.00039510770655765316,0.00013795402040204168,8,,,,PRUNED
6,28.280333911993296,2026-10-03 08:36:56.501351,2026-10-03 08:37:03.210177,0 days 00:00:06.708826,1024,0.09151926619664899,16,16,64,2,0.00035817986179606336,7.400385759087375e-06,12,,,,PRUNED
7,29.005327117372037,2026-10-03 08:37:03.211246,2026-10-03 08:37:16.390081,0 days 00:00:13.178835,512,0.3442922333025374,4,16,64,2,0.0003048410053590859,3.4059785435329935e-05,12,,,,PRUNED
8,29.104124269564807,2026-10-03 08:37:16.391326,2026-10-03 08:37:23.906415,0 days 00:00:07.515089,1024,0.24382573359195875,4,4,64,2,0.0009545535078470337,1.4270403521460853e-06,12,,,,PRUNED
9,28.36639273672368,2026-10-03 08:37:23.907450,2026-10-03 08:37:39.126377,0 days 00:00:15.218927,2048,0.3341209982356952,4,4,128,1,0.0006279156677256273,3.627066608804412e-06,16,,,,PRUNED
10,26.452434022896938,2026-10-03 08:37:39.127334,2026-10-03 08:38:10.563498,0 days 00:00:31.436164,512,0.1117512190655227,16,8,128,1,0.0016876006698609007,0.00011850494183560202,12,5.0,,"{""batch"": 512, ""dropout"": 0.1117512190655227, ""emb_c"": 16, ""emb_m"": 8, ""hidden"": 128, ""layers"": 1, ""lr"": 0.0016876006698609007, ""weight_decay"": 0.00011850494183560202, ""window"": 12}",COMPLETE
11,25.921013849240417,2026-10-03 08:38:10.564663,2026-10-03 08:38:38.664425,0 days 00:00:28.099762,1024,0.027090859796153135,4,8,32,2,0.0017158350632976692,3.4292735989583882e-06,12,13.0,,"{""batch"": 1024, ""dropout"": 0.027090859796153135, ""emb_c"": 4, ""emb_m"": 8, ""hidden"": 32, ""layers"": 2, ""lr"": 0.0017158350632976692, ""weight_decay"": 3.4292735989583882e-06, ""window"": 12}",COMPLETE
12,27.90089520168853,2026-10-03 08:38:38.665567,2026-10-03 08:38:45.665399,0 days 00:00:06.999832,1024,0.10041988700214859,4,8,32,2,0.0007275458210543432,5.740397075094384e-06,12,,,"{""batch"": 1024, ""dropout"": 0.10041988700214859, ""emb_c"": 4, ""emb_m"": 8, ""hidden"": 32, ""layers"": 2, ""lr"": 0.0007275458210543432, ""weight_decay"": 5.740397075094384e-06, ""window"": 12}",PRUNED
13,26.37774614070423,2026-10-03 08:38:45.666385,2026-10-03 08:39:43.200414,0 days 00:00:57.534029,512,0.02725778610434324,16,16,128,2,0.001989839717166512,1.6859284772693079e-06,12,4.0,,"{""batch"": 512, ""dropout"": 0.02725778610434324, ""emb_c"": 16, ""emb_m"": 16, ""hidden"": 128, ""layers"": 2, ""lr"": 0.001989839717166512, ""weight_decay"": 1.6859284772693079e-06, ""window"": 12}",COMPLETE
14,25.854996142514196,2026-10-03 08:39:43.201945,2026-10-03 08:40:11.005301,0 days 00:00:27.803356,1024,0.0343702216472726,4,8,32,2,0.00227909300772065,1.86987554339248e-06,16,13.0,,"{""batch"": 1024, ""dropout"": 0.0343702216472726, ""emb_c"": 4, ""emb_m"": 8, ""hidden"": 32, ""layers"": 2, ""lr"": 0.00227909300772065, ""weight_decay"": 1.86987554339248e-06, ""window"": 16}",COMPLETE
15,27.769270075619602,2026-10-03 08:40:11.006374,2026-10-03 08:40:17.053925,0 days 00:00:06.047551,1024,0.09644290289204807,4,8,32,2,0.0022242582185245424,1.5293119743205166e-06,16,,,"{""batch"": 1024, ""dropout"": 0.09644290289204807, ""emb_c"": 4, ""emb_m"": 8, ""hidden"": 32, ""layers"": 2, ""lr"": 0.0022242582185245424, ""weight_decay"": 1.5293119743205166e-06, ""window"": 16}",PRUNED
16,26.492954810224155,2026-10-03 08:40:17.054950,2026-10-03 08:40:43.536540,0 days 00:00:26.481590,1024,0.011505929230649178,4,8,32,1,0.001345580004989179,1.264616214405214e-06,12,11.0,,"{""batch"": 1024, ""dropout"": 0.011505929230649178, ""emb_c"": 4, ""emb_m"": 8, ""hidden"": 32, ""layers"": 1, ""lr"": 0.001345580004989179, ""weight_decay"": 1.264616214405214e-06, ""window"": 12}",COMPLETE
17,27.36909487065337,2026-10-03 08:40:43.538840,2026-10-03 08:40:50.492686,0 days 00:00:06.953846,1024,0.018795017750874325,4,8,32,2,0.0016278122148104363,4.008133018948976e-06,12,,,"{""batch"": 1024, ""dropout"": 0.018795017750874325, ""emb_c"": 4, ""emb_m"": 8, ""hidden"": 32, ""layers"": 2, ""lr"": 0.0016278122148104363, ""weight_decay"": 4.008133018948976e-06, ""window"": 12}",PRUNED
18,27.907323154898027,2026-10-03 08:40:50.493648,2026-10-03 08:40:56.507143,0 days 00:00:06.013495,1024,0.0733813594016122,8,8,32,2,0.0021404096632189713,1.5508106236337444e-05,16,,,"{""batch"": 1024, ""dropout"": 0.0733813594016122, ""emb_c"": 8, ""emb_m"": 8, ""hidden"": 32, ""layers"": 2, ""lr"": 0.0021404096632189713, ""weight_decay"": 1.5508106236337444e-05, ""window"": 16}",PRUNED
19,28.386906876674843,2026-10-03 08:40:56.508475,2026-10-03 08:41:00.291451,0 days 00:00:03.782976,2048,0.18588833970787141,4,8,32,2,0.0012415616621221908,4.563205214540139e-06,12,,,"{""batch"": 2048, ""dropout"": 0.18588833970787141, ""emb_c"": 4, ""emb_m"": 8, ""hidden"": 32, ""layers"": 2, ""lr"": 0.0012415616621221908, ""weight_decay"": 4.563205214540139e-06, ""window"": 12}",PRUNED
20,26.184444215321275,2026-10-03 08:41:00.292633,2026-10-03 08:41:26.788760,0 days 00:00:26.496127,1024,0.00784753961182811,4,8,32,1,0.0023216504345314223,1.3080932352195554e-05,12,15.0,,"{""batch"": 1024, ""dropout"": 0.00784753961182811, ""emb_c"": 4, ""emb_m"": 8, ""hidden"": 32, ""layers"": 1, ""lr"": 0.0023216504345314223, ""weight_decay"": 1.3080932352195554e-05, ""window"": 12}",COMPLETE
21,27.921732886846414,2026-10-03 08:41:26.790618,2026-10-03 08:41:33.217949,0 days 00:00:06.427331,1024,0.02462311942805368,4,8,32,2,0.0012076241166154912,0.0005895211246856056,12,,,"{""batch"": 1024, ""dropout"": 0.02462311942805368, ""emb_c"": 4, ""emb_m"": 8, ""hidden"": 32, ""layers"": 2, ""lr"": 0.0012076241166154912, ""weight_decay"": 0.0005895211246856056, ""window"": 12}",PRUNED
22,26.296021279307556,2026-10-03 08:41:33.219008,2026-10-03 08:42:37.954978,0 days 00:01:04.735970,512,0.05167108220106249,16,8,128,2,0.0029108523189956582,0.0005060813554947769,12,5.0,,"{""batch"": 512, ""dropout"": 0.05167108220106249, ""emb_c"": 16, ""emb_m"": 8, ""hidden"": 128, ""layers"": 2, ""lr"": 0.0029108523189956582, ""weight_decay"": 0.0005060813554947769, ""window"": 12}",COMPLETE
23,27.7140541309981,2026-10-03 08:42:37.956126,2026-10-03 08:42:43.935210,0 days 00:00:05.979084,1024,0.06185565988507606,4,8,32,2,0.0012687358740451353,1.5624840354391744e-05,16,,,"{""batch"": 1024, ""dropout"": 0.06185565988507606, ""emb_c"": 4, ""emb_m"": 8, ""hidden"": 32, ""layers"": 2, ""lr"": 0.0012687358740451353, ""weight_decay"": 1.5624840354391744e-05, ""window"": 16}",PRUNED
24,26.275291358092783,2026-10-03 08:42:43.937531,2026-10-03 08:44:35.034419,0 days 00:01:51.096888,512,0.06052143544377039,16,4,128,2,0.002723110770594117,9.149677066124052e-05,16,9.0,,"{""batch"": 512, ""dropout"": 0.06052143544377039, ""emb_c"": 16, ""emb_m"": 4, ""hidden"": 128, ""layers"": 2, ""lr"": 0.002723110770594117, ""weight_decay"": 9.149677066124052e-05, ""window"": 16}",COMPLETE
25,25.968844996702455,2026-10-03 08:44:35.035640,2026-10-03 08:46:07.883061,0 days 00:01:32.847421,512,0.0009108249778984612,16,8,128,2,0.0022538972803942316,2.242470282059975e-05,12,9.0,,"{""batch"": 512, ""dropout"": 0.0009108249778984612, ""emb_c"": 16, ""emb_m"": 8, ""hidden"": 128, ""layers"": 2, ""lr"": 0.0022538972803942316, ""weight_decay"": 2.242470282059975e-05, ""window"": 12}",COMPLETE
26,27.356415598914825,2026-10-03 08:46:07.884385,2026-10-03 08:46:36.432872,0 days 00:00:28.548487,512,0.12188564694067222,16,8,128,2,0.0024782181145700573,6.110303061498178e-06,12,,,"{""batch"": 512, ""dropout"": 0.12188564694067222, ""emb_c"": 16, ""emb_m"": 8, ""hidden"": 128, ""layers"": 2, ""lr"": 0.0024782181145700573, ""weight_decay"": 6.110303061498178e-06, ""window"": 12}",PRUNED
27,27.22924059564955,2026-10-03 08:46:36.434021,2026-10-03 08:47:04.882668,0 days 00:00:28.448647,512,0.06166932012866458,4,8,128,2,0.0017398619864404641,3.507734589706879e-05,12,,,"{""batch"": 512, ""dropout"": 0.06166932012866458, ""emb_c"": 4, ""emb_m"": 8, ""hidden"": 128, ""layers"": 2, ""lr"": 0.0017398619864404641, ""weight_decay"": 3.507734589706879e-05, ""window"": 12}",PRUNED
28,27.136094548466566,2026-10-03 08:47:04.883891,2026-10-03 08:47:12.180548,0 days 00:00:07.296657,1024,0.022190015341214495,4,8,32,2,0.0017787616436702087,1.246243846425984e-06,16,,,"{""batch"": 1024, ""dropout"": 0.022190015341214495, ""emb_c"": 4, ""emb_m"": 8, ""hidden"": 32, ""layers"": 2, ""lr"": 0.0017787616436702087, ""weight_decay"": 1.246243846425984e-06, ""window"": 16}",PRUNED
29,28.397326273173785,2026-10-03 08:47:12.182584,2026-10-03 08:47:18.514107,0 days 00:00:06.331523,1024,0.05947121441724737,4,8,64,2,0.002931340521876991,3.0095317033701353e-06,8,,,"{""batch"": 1024, ""dropout"": 0.05947121441724737, ""emb_c"": 4, ""emb_m"": 8, ""hidden"": 64, ""layers"": 2, ""lr"": 0.002931340521876991, ""weight_decay"": 3.0095317033701353e-06, ""window"": 8}",PRUNED
30,27.886521942307375,2026-10-03 08:47:18.515437,2026-10-03 08:47:25.463417,0 days 00:00:06.947980,1024,0.16969735507844627,4,8,32,2,0.001873127699168281,3.3510267878841e-06,12,,,"{""batch"": 1024, ""dropout"": 0.16969735507844627, ""emb_c"": 4, ""emb_m"": 8, ""hidden"": 32, ""layers"": 2, ""lr"": 0.001873127699168281, ""weight_decay"": 3.3510267878841e-06, ""window"": 12}",PRUNED
31,26.11691355975358,2026-10-03 08:47:25.465241,2026-10-03 08:47:51.233961,0 days 00:00:25.768720,512,0.024358414989351592,16,8,64,2,0.002660535359213991,2.7302841950368496e-06,12,4.0,,"{""batch"": 512, ""dropout"": 0.024358414989351592, ""emb_c"": 16, ""emb_m"": 8, ""hidden"": 64, ""layers"": 2, ""lr"": 0.002660535359213991, ""weight_decay"": 2.7302841950368496e-06, ""window"": 12}",COMPLETE
32,26.09485257400156,2026-10-03 08:47:51.235853,2026-10-03 08:49:02.573858,0 days 00:01:11.338005,512,0.01858342789199169,16,8,128,2,0.002775878811910497,9.956708365359754e-05,12,6.0,,"{""batch"": 512, ""dropout"": 0.01858342789199169, ""emb_c"": 16, ""emb_m"": 8, ""hidden"": 128, ""layers"": 2, ""lr"": 0.002775878811910497, ""weight_decay"": 9.956708365359754e-05, ""window"": 12}",COMPLETE
33,25.926300330924825,2026-10-03 08:49:02.575429,2026-10-03 08:50:27.900324,0 days 00:01:25.324895,512,0.00388663748391245,16,8,128,2,0.0015855795728338255,0.0009149619670485806,12,8.0,,"{""batch"": 512, ""dropout"": 0.00388663748391245, ""emb_c"": 16, ""emb_m"": 8, ""hidden"": 128, ""layers"": 2, ""lr"": 0.0015855795728338255, ""weight_decay"": 0.0009149619670485806, ""window"": 12}",COMPLETE
34,26.225587499787856,2026-10-03 08:50:27.901583,2026-10-03 08:51:53.476571,0 days 00:01:25.574988,512,0.014435499802812815,16,8,128,2,0.0013689337152770536,1.4503161636475804e-06,12,8.0,,"{""batch"": 512, ""dropout"": 0.014435499802812815, ""emb_c"": 16, ""emb_m"": 8, ""hidden"": 128, ""layers"": 2, ""lr"": 0.0013689337152770536, ""weight_decay"": 1.4503161636475804e-06, ""window"": 12}",COMPLETE
35,26.254229513322073,2026-10-03 08:51:53.477774,2026-10-03 08:52:57.733056,0 days 00:01:04.255282,512,0.02134540464455544,16,8,128,2,0.0020111580293404024,1.3498999764956737e-05,12,5.0,,"{""batch"": 512, ""dropout"": 0.02134540464455544, ""emb_c"": 16, ""emb_m"": 8, ""hidden"": 128, ""layers"": 2, ""lr"": 0.0020111580293404024, ""weight_decay"": 1.3498999764956737e-05, ""window"": 12}",COMPLETE
36,26.881943004212594,2026-10-03 08:52:57.734831,2026-10-03 08:53:26.281463,0 days 00:00:28.546632,512,0.0787506838069392,16,8,128,2,0.0012326477258633747,0.00043153717109232386,12,,,"{""batch"": 512, ""dropout"": 0.0787506838069392, ""emb_c"": 16, ""emb_m"": 8, ""hidden"": 128, ""layers"": 2, ""lr"": 0.0012326477258633747, ""weight_decay"": 0.00043153717109232386, ""window"": 12}",PRUNED
37,27.28106703158278,2026-10-03 08:53:26.282666,2026-10-03 08:53:32.876795,0 days 00:00:06.594129,1024,0.059658457628320075,4,8,32,2,0.002519090694313842,8.122009741007991e-06,16,,,"{""batch"": 1024, ""dropout"": 0.059658457628320075, ""emb_c"": 4, ""emb_m"": 8, ""hidden"": 32, ""layers"": 2, ""lr"": 0.002519090694313842, ""weight_decay"": 8.122009741007991e-06, ""window"": 16}",PRUNED
38,27.273879688182202,2026-10-03 08:53:32.878554,2026-10-03 08:53:39.956950,0 days 00:00:07.078396,1024,0.023674336881732972,4,8,32,2,0.0011085294592083914,1.0481797330269213e-06,16,,,"{""batch"": 1024, ""dropout"": 0.023674336881732972, ""emb_c"": 4, ""emb_m"": 8, ""hidden"": 32, ""layers"": 2, ""lr"": 0.0011085294592083914, ""weight_decay"": 1.0481797330269213e-06, ""window"": 16}",PRUNED
39,28.830380461552522,2026-10-03 08:53:39.958257,2026-10-03 08:54:14.308209,0 days 00:00:34.349952,512,0.1147942671285979,16,8,128,2,0.0018683581478979826,4.841898220297245e-05,16,,,"{""batch"": 512, ""dropout"": 0.1147942671285979, ""emb_c"": 16, ""emb_m"": 8, ""hidden"": 128, ""layers"": 2, ""lr"": 0.0018683581478979826, ""weight_decay"": 4.841898220297245e-05, ""window"": 16}",PRUNED
40,27.246139399429936,2026-10-03 08:54:14.311794,2026-10-03 08:54:42.741797,0 days 00:00:28.430003,512,0.10471356935791255,4,8,128,2,0.0027459460652282477,7.699093206892403e-05,12,,,"{""batch"": 512, ""dropout"": 0.10471356935791255, ""emb_c"": 4, ""emb_m"": 8, ""hidden"": 128, ""layers"": 2, ""lr"": 0.0027459460652282477, ""weight_decay"": 7.699093206892403e-05, ""window"": 12}",PRUNED
41,26.165548835344115,2026-10-03 08:54:42.743088,2026-10-03 08:55:39.528566,0 days 00:00:56.785478,512,0.055864869736193395,16,8,128,2,0.0018205310036335926,0.0003460441931816503,12,4.0,,"{""batch"": 512, ""dropout"": 0.055864869736193395, ""emb_c"": 16, ""emb_m"": 8, ""hidden"": 128, ""layers"": 2, ""lr"": 0.0018205310036335926, ""weight_decay"": 0.0003460441931816503, ""window"": 12}",COMPLETE
42,28.170802343072175,2026-10-03 08:55:39.530807,2026-10-03 08:55:45.779996,0 days 00:00:06.249189,1024,0.04154094343659742,4,8,32,2,0.0009746330985382516,2.4501659287652474e-05,12,,,"{""batch"": 1024, ""dropout"": 0.04154094343659742, ""emb_c"": 4, ""emb_m"": 8, ""hidden"": 32, ""layers"": 2, ""lr"": 0.0009746330985382516, ""weight_decay"": 2.4501659287652474e-05, ""window"": 12}",PRUNED
43,26.024791070769904,2026-10-03 08:55:45.781133,2026-10-03 08:56:50.292083,0 days 00:01:04.510950,512,0.0011235792470771539,16,8,128,2,0.0017933596735106427,0.0009530671629810134,12,5.0,,"{""batch"": 512, ""dropout"": 0.0011235792470771539, ""emb_c"": 16, ""emb_m"": 8, ""hidden"": 128, ""layers"": 2, ""lr"": 0.0017933596735106427, ""weight_decay"": 0.0009530671629810134, ""window"": 12}",COMPLETE
44,27.702604406251787,2026-10-03 08:56:50.293280,2026-10-03 08:56:56.507402,0 days 00:00:06.214122,1024,0.0665293413884872,4,8,32,2,0.0015113036373309646,2.562303869298196e-06,16,,,"{""batch"": 1024, ""dropout"": 0.0665293413884872, ""emb_c"": 4, ""emb_m"": 8, ""hidden"": 32, ""layers"": 2, ""lr"": 0.0015113036373309646, ""weight_decay"": 2.562303869298196e-06, ""window"": 16}",PRUNED
45,26.155166549626085,2026-10-03 08:56:56.508394,2026-10-03 08:57:53.294918,0 days 00:00:56.786524,512,0.012478997612045762,16,8,128,2,0.0019534519915172083,0.00012055100838447536,12,4.0,,"{""batch"": 512, ""dropout"": 0.012478997612045762, ""emb_c"": 16, ""emb_m"": 8, ""hidden"": 128, ""layers"": 2, ""lr"": 0.0019534519915172083, ""weight_decay"": 0.00012055100838447536, ""window"": 12}",COMPLETE
46,26.253694127117356,2026-10-03 08:57:53.296173,2026-10-03 08:58:29.856973,0 days 00:00:36.560800,512,0.030545363301795168,16,8,32,2,0.0026980540580765324,4.166272582156655e-05,12,7.0,,"{""batch"": 512, ""dropout"": 0.030545363301795168, ""emb_c"": 16, ""emb_m"": 8, ""hidden"": 32, ""layers"": 2, ""lr"": 0.0026980540580765324, ""weight_decay"": 4.166272582156655e-05, ""window"": 12}",COMPLETE
47,26.9188308212767,2026-10-03 08:58:29.858030,2026-10-03 08:58:36.394403,0 days 00:00:06.536373,1024,0.013418605085970495,4,8,32,2,0.0024590439903936995,2.0734883794737477e-06,16,,,"{""batch"": 1024, ""dropout"": 0.013418605085970495, ""emb_c"": 4, ""emb_m"": 8, ""hidden"": 32, ""layers"": 2, ""lr"": 0.0024590439903936995, ""weight_decay"": 2.0734883794737477e-06, ""window"": 16}",PRUNED
48,25.994894291917987,2026-10-03 08:58:36.396516,2026-10-03 08:59:48.023021,0 days 00:01:11.626505,512,0.00324645372429089,16,8,128,2,0.0018915764962715328,0.0007899892090369381,12,6.0,,"{""batch"": 512, ""dropout"": 0.00324645372429089, ""emb_c"": 16, ""emb_m"": 8, ""hidden"": 128, ""layers"": 2, ""lr"": 0.0018915764962715328, ""weight_decay"": 0.0007899892090369381, ""window"": 12}",COMPLETE
49,27.060726321762825,2026-10-03 08:59:48.024319,2026-10-03 08:59:54.106898,0 days 00:00:06.082579,1024,0.05364762818250601,4,16,32,2,0.0018540193556703512,6.5521784243681055e-06,12,,,"{""batch"": 1024, ""dropout"": 0.05364762818250601, ""emb_c"": 4, ""emb_m"": 16, ""hidden"": 32, ""layers"": 2, ""lr"": 0.0018540193556703512, ""weight_decay"": 6.5521784243681055e-06, ""window"": 12}",PRUNED
50,27.79249520464288,2026-10-03 08:59:54.107994,2026-10-03 09:00:01.595921,0 days 00:00:07.487927,1024,0.13566399413523111,4,8,32,2,0.0026130829396601007,1.0335317082762468e-06,16,,,"{""batch"": 1024, ""dropout"": 0.13566399413523111, ""emb_c"": 4, ""emb_m"": 8, ""hidden"": 32, ""layers"": 2, ""lr"": 0.0026130829396601007, ""weight_decay"": 1.0335317082762468e-06, ""window"": 16}",PRUNED
51,26.9993593758901,2026-10-03 09:00:01.597293,2026-10-03 09:00:24.824131,0 days 00:00:23.226838,512,0.007970472868462392,16,8,128,2,0.001431195458183108,0.0006924820810626387,8,,,"{""batch"": 512, ""dropout"": 0.007970472868462392, ""emb_c"": 16, ""emb_m"": 8, ""hidden"": 128, ""layers"": 2, ""lr"": 0.001431195458183108, ""weight_decay"": 0.0006924820810626387, ""window"": 8}",PRUNED
52,26.055625847910473,2026-10-03 09:00:24.825479,2026-10-03 09:01:28.692057,0 days 00:01:03.866578,512,0.017770505823376918,16,8,128,2,0.0015123913953823667,7.446857187612759e-06,12,5.0,,"{""batch"": 512, ""dropout"": 0.017770505823376918, ""emb_c"": 16, ""emb_m"": 8, ""hidden"": 128, ""layers"": 2, ""lr"": 0.0015123913953823667, ""weight_decay"": 7.446857187612759e-06, ""window"": 12}",COMPLETE
53,25.82375376832995,2026-10-03 09:01:28.693298,2026-10-03 09:02:45.611103,0 days 00:01:16.917805,512,0.0031913439550323303,16,8,128,2,0.0021506123630391605,0.0002884819930932964,16,5.0,,"{""batch"": 512, ""dropout"": 0.0031913439550323303, ""emb_c"": 16, ""emb_m"": 8, ""hidden"": 128, ""layers"": 2, ""lr"": 0.0021506123630391605, ""weight_decay"": 0.0002884819930932964, ""window"": 16}",COMPLETE
54,26.810161425080725,2026-10-03 09:02:45.612721,2026-10-03 09:02:58.757731,0 days 00:00:13.145010,512,0.00766548688370147,16,8,32,2,0.0022174232007048473,0.00046266733629653624,12,,,"{""batch"": 512, ""dropout"": 0.00766548688370147, ""emb_c"": 16, ""emb_m"": 8, ""hidden"": 32, ""layers"": 2, ""lr"": 0.0022174232007048473, ""weight_decay"": 0.00046266733629653624, ""window"": 12}",PRUNED
55,26.08793696176759,2026-10-03 09:02:58.760766,2026-10-03 09:04:24.430234,0 days 00:01:25.669468,512,0.010972354094320652,16,8,128,2,0.0017976246383961862,0.00033505079348144,12,8.0,,"{""batch"": 512, ""dropout"": 0.010972354094320652, ""emb_c"": 16, ""emb_m"": 8, ""hidden"": 128, ""layers"": 2, ""lr"": 0.0017976246383961862, ""weight_decay"": 0.00033505079348144, ""window"": 12}",COMPLETE
56,28.181120047604047,2026-10-03 09:04:24.431669,2026-10-03 09:04:30.585449,0 days 00:00:06.153780,1024,0.012407501973870734,4,8,32,2,0.0012986333804051906,1.2664554766539523e-05,12,,,"{""batch"": 1024, ""dropout"": 0.012407501973870734, ""emb_c"": 4, ""emb_m"": 8, ""hidden"": 32, ""layers"": 2, ""lr"": 0.0012986333804051906, ""weight_decay"": 1.2664554766539523e-05, ""window"": 12}",PRUNED
57,26.23643878948022,2026-10-03 09:04:30.586842,2026-10-03 09:05:27.853760,0 days 00:00:57.266918,512,0.034684922999739,16,8,128,2,0.0022285760337466634,3.788569582443354e-06,12,4.0,,"{""batch"": 512, ""dropout"": 0.034684922999739, ""emb_c"": 16, ""emb_m"": 8, ""hidden"": 128, ""layers"": 2, ""lr"": 0.0022285760337466634, ""weight_decay"": 3.788569582443354e-06, ""window"": 12}",COMPLETE
58,27.481537346240447,2026-10-03 09:05:27.855247,2026-10-03 09:05:34.982991,0 days 00:00:07.127744,1024,0.03272411003440366,4,8,32,2,0.0015929901640413546,1.1124058335107655e-05,12,,,"{""batch"": 1024, ""dropout"": 0.03272411003440366, ""emb_c"": 4, ""emb_m"": 8, ""hidden"": 32, ""layers"": 2, ""lr"": 0.0015929901640413546, ""weight_decay"": 1.1124058335107655e-05, ""window"": 12}",PRUNED
